<?xml version="1.0" encoding="UTF-8"?>
<!-- Generated by org.testng.reporters.JUnitReportReporter -->
<testsuite hostname="Lingeswar" failures="0" tests="1" name="com.leranautomation.testcases.LoginTestCRM" time="4.285" errors="0" timestamp="2023-09-29T13:37:25 IST" skipped="0">
  <testcase classname="com.leranautomation.testcases.LoginTestCRM" name="loginApp" time="4.285"/>
</testsuite> <!-- com.leranautomation.testcases.LoginTestCRM -->
